

Microchip MPLAB XC8 Assembler V2.05 build -831301201 
                                                                                               Mon Apr 08 20:58:17 2019

Microchip MPLAB XC8 C Compiler v2.05 (Free license) build 20181220022703 Og1 
     1                           	processor	18F46K22
     2                           	fnconf	rparam,??,?,0
     3                           	opt	pw 120
     4                           	opt	flic
     5                           	psect	cinit,global,reloc=2,class=CODE,delta=1
     6                           	psect	bssCOMRAM,global,class=COMRAM,space=1,delta=1,noexec
     7                           	psect	cstackCOMRAM,global,class=COMRAM,space=1,delta=1,noexec
     8                           	psect	text0,global,reloc=2,class=CODE,delta=1
     9                           	psect	text1,global,reloc=2,class=CODE,delta=1
    10                           	psect	text2,global,reloc=2,class=CODE,delta=1
    11                           	psect	text3,global,reloc=2,class=CODE,delta=1
    12                           	psect	text4,global,reloc=2,class=CODE,delta=1
    13                           	psect	text5,global,reloc=2,class=CODE,delta=1
    14                           	psect	intcode,global,reloc=2,class=CODE,delta=1
    15                           	psect	text7,global,reloc=2,class=CODE,delta=1
    16                           	psect	text8,global,reloc=2,class=CODE,delta=1
    17                           	psect	text9,global,reloc=2,class=CODE,delta=1
    18                           	psect	intsave_regs,global,class=BIGRAM,space=1,delta=1,noexec
    19                           	psect	rparam,global,class=COMRAM,space=1,delta=1,noexec
    20                           	psect	temp,global,ovrld,common,class=COMRAM,space=1,delta=1
    21  0000                     
    22                           ; Version 2.05
    23                           ; Generated 20/12/2018 GMT
    24                           ; 
    25                           ; Copyright © 2018, Microchip Technology Inc. and its subsidiaries ("Microchip")
    26                           ; All rights reserved.
    27                           ; 
    28                           ; This software is developed by Microchip Technology Inc. and its subsidiaries ("Microch
      +                          ip").
    29                           ; 
    30                           ; Redistribution and use in source and binary forms, with or without modification, are
    31                           ; permitted provided that the following conditions are met:
    32                           ; 
    33                           ;     1. Redistributions of source code must retain the above copyright notice, this lis
      +                          t of
    34                           ;        conditions and the following disclaimer.
    35                           ; 
    36                           ;     2. Redistributions in binary form must reproduce the above copyright notice, this 
      +                          list
    37                           ;        of conditions and the following disclaimer in the documentation and/or other
    38                           ;        materials provided with the distribution.
    39                           ; 
    40                           ;     3. Microchip's name may not be used to endorse or promote products derived from th
      +                          is
    41                           ;        software without specific prior written permission.
    42                           ; 
    43                           ; THIS SOFTWARE IS PROVIDED BY MICROCHIP "AS IS" AND ANY EXPRESS OR IMPLIED WARRANTIES,
    44                           ; INCLUDING, BUT NOT LIMITED TO, THE IMPLIED WARRANTIES OF MERCHANTABILITY AND FITNESS F
      +                          OR
    45                           ; PURPOSE ARE DISCLAIMED.  IN NO EVENT SHALL MICROCHIP BE LIABLE FOR ANY DIRECT, INDIREC
      +                          T,
    46                           ; INCIDENTAL, SPECIAL, EXEMPLARY, OR CONSEQUENTIAL DAMAGES (INCLUDING BUT NOT LIMITED TO
    47                           ; PROCUREMENT OF SUBSTITUTE GOODS OR SERVICES; LOSS OF USE, DATA OR PROFITS; OR BUSINESS
    48                           ; INTERRUPTION) HOWSOEVER CAUSED AND ON ANY THEORY OF LIABILITY, WHETHER IN CONTRACT, ST
      +                          RICT
    49                           ; LIABILITY, OR TORT (INCLUDING NEGLIGENCE OR OTHERWISE) ARISING IN ANY WAY OUT OF THE U
      +                          SE OF
    50                           ; THIS SOFTWARE, EVEN IF ADVISED OF THE POSSIBILITY OF SUCH DAMAGE.
    51                           ; 
    52                           ; 
    53                           ; Code-generator required, PIC18F46K22 Definitions
    54                           ; 
    55                           ; SFR Addresses
    56  0000                     _ANSELAbits	set	3896
    57  0000                     _ANSELE	set	3900
    58  0000                     _ANSELD	set	3899
    59  0000                     _ANSELC	set	3898
    60  0000                     _ANSELB	set	3897
    61  0000                     _ANSELA	set	3896
    62  0000                     _RCSTA1bits	set	4011
    63  0000                     _TXSTA1bits	set	4012
    64  0000                     _SPBRG1	set	4015
    65  0000                     _RCONbits	set	4048
    66  0000                     _PIE1bits	set	3997
    67  0000                     _PIE2	set	4000
    68  0000                     _PIE1	set	3997
    69  0000                     _PIR2	set	4001
    70  0000                     _PIR1	set	3998
    71  0000                     _INTCON3	set	4080
    72  0000                     _INTCON2	set	4081
    73  0000                     _INTCON	set	4082
    74  0000                     _LATDbits	set	3980
    75  0000                     _TMR1H	set	4047
    76  0000                     _TMR1L	set	4046
    77  0000                     _T1CONbits	set	4045
    78  0000                     _TXREG	set	4013
    79  0000                     _PIR1bits	set	3998
    80  0000                     _ADRESH	set	4036
    81  0000                     _ADCON0bits	set	4034
    82  0000                     _ADCON0	set	4034
    83  0000                     _ADCON2bits	set	4032
    84  0000                     _ADCON2	set	4032
    85  0000                     _ADCON1	set	4033
    86  0000                     _TRISAbits	set	3986
    87  0000                     _LATE	set	3981
    88  0000                     _LATD	set	3980
    89  0000                     _LATC	set	3979
    90  0000                     _LATB	set	3978
    91  0000                     _LATA	set	3977
    92  0000                     _PORTE	set	3972
    93  0000                     _PORTD	set	3971
    94  0000                     _PORTC	set	3970
    95  0000                     _PORTB	set	3969
    96  0000                     _PORTA	set	3968
    97  0000                     _TRISE	set	3990
    98  0000                     _TRISD	set	3989
    99  0000                     _TRISC	set	3988
   100  0000                     _TRISB	set	3987
   101  0000                     _TRISA	set	3986
   102  0000                     _INTCONbits	set	4082
   103  0000                     _OSCTUNEbits	set	3995
   104  0000                     _OSCCONbits	set	4051
   105                           
   106                           ; #config settings
   107  0000                     
   108                           	psect	cinit
   109  0001E8                     __pcinit:
   110                           	opt callstack 0
   111  0001E8                     start_initialization:
   112                           	opt callstack 0
   113  0001E8                     __initialization:
   114                           	opt callstack 0
   115                           
   116                           ; Clear objects allocated to COMRAM (21 bytes)
   117  0001E8  EE00  F001         	lfsr	0,__pbssCOMRAM
   118  0001EC  0E15               	movlw	21
   119  0001EE                     clear_0:
   120  0001EE  6AEE               	clrf	postinc0,c
   121  0001F0  06E8               	decf	wreg,f,c
   122  0001F2  E1FD               	bnz	clear_0
   123  0001F4                     end_of_initialization:
   124                           	opt callstack 0
   125  0001F4                     __end_of__initialization:
   126                           	opt callstack 0
   127  0001F4  9020               	bcf	int$flags,0,c	;clear compiler interrupt flag (level 1)
   128  0001F6  9220               	bcf	int$flags,1,c	;clear compiler interrupt flag (level 2)
   129  0001F8  0E00               	movlw	low (__Lmediumconst shr (0+16))
   130  0001FA  6EF8               	movwf	tblptru,c
   131  0001FC  0100               	movlb	0
   132  0001FE  EFD4  F000         	goto	_main	;jump to C main() function
   133                           
   134                           	psect	bssCOMRAM
   135  000001                     __pbssCOMRAM:
   136                           	opt callstack 0
   137  000001                     _out_buffer:
   138                           	opt callstack 0
   139  000001                     	ds	10
   140  00000B                     _str_i:
   141                           	opt callstack 0
   142  00000B                     	ds	8
   143  000013                     _rez_adc:
   144                           	opt callstack 0
   145  000013                     	ds	2
   146  000015                     _int_counter:
   147                           	opt callstack 0
   148  000015                     	ds	1
   149                           
   150                           	psect	cstackCOMRAM
   151  000016                     __pcstackCOMRAM:
   152                           	opt callstack 0
   153  000016                     write_raw@ch:
   154                           	opt callstack 0
   155                           
   156                           ; 1 bytes @ 0x0
   157  000016                     	ds	1
   158  000017                     send_data@i:
   159                           	opt callstack 0
   160                           
   161                           ; 1 bytes @ 0x1
   162  000017                     	ds	1
   163  000018                     ??_timebase_interrupt:
   164                           
   165                           ; 1 bytes @ 0x2
   166  000018                     	ds	1
   167  000019                     ??_timer:
   168                           
   169                           ; 1 bytes @ 0x3
   170  000019                     	ds	2
   171  00001B                     init_data_out@baud_rate:
   172                           	opt callstack 0
   173                           
   174                           ; 2 bytes @ 0x5
   175  00001B                     	ds	2
   176  00001D                     ??_init_data_out:
   177                           
   178                           ; 1 bytes @ 0x7
   179  00001D                     	ds	2
   180  00001F                     ??_main:
   181                           
   182                           ; 1 bytes @ 0x9
   183  00001F                     	ds	1
   184                           
   185 ;;
   186 ;;Main: autosize = 0, tempsize = 1, incstack = 0, save=0
   187 ;;
   188 ;; *************** function _main *****************
   189 ;; Defined at:
   190 ;;		line 23 in file "main.c"
   191 ;; Parameters:    Size  Location     Type
   192 ;;		None
   193 ;; Auto vars:     Size  Location     Type
   194 ;;		None
   195 ;; Return value:  Size  Location     Type
   196 ;;                  1    wreg      void 
   197 ;; Registers used:
   198 ;;		wreg, status,2, status,0, cstack
   199 ;; Tracked objects:
   200 ;;		On entry : 0/0
   201 ;;		On exit  : 0/0
   202 ;;		Unchanged: 0/0
   203 ;; Data sizes:     COMRAM   BANK0   BANK1   BANK2   BANK3   BANK4   BANK5   BANK6   BANK7   BANK8   BANK9  BANK10  BANK1
      +1  BANK12  BANK13  BANK14  BANK15
   204 ;;      Params:         0       0       0       0       0       0       0       0       0       0       0       0       
      +0       0       0       0       0
   205 ;;      Locals:         0       0       0       0       0       0       0       0       0       0       0       0       
      +0       0       0       0       0
   206 ;;      Temps:          1       0       0       0       0       0       0       0       0       0       0       0       
      +0       0       0       0       0
   207 ;;      Totals:         1       0       0       0       0       0       0       0       0       0       0       0       
      +0       0       0       0       0
   208 ;;Total ram usage:        1 bytes
   209 ;; Hardware stack levels required when called:    6
   210 ;; This function calls:
   211 ;;		_adc_config
   212 ;;		_config
   213 ;;		_read_Uout
   214 ;; This function is called by:
   215 ;;		Startup code after reset
   216 ;; This function uses a non-reentrant model
   217 ;;
   218                           
   219                           	psect	text0
   220  0001A8                     __ptext0:
   221                           	opt callstack 0
   222  0001A8                     _main:
   223                           	opt callstack 25
   224                           
   225                           ;main.c: 24: config();
   226                           
   227                           ;incstack = 0
   228  0001A8  EC4C  F000         	call	_config	;wreg free
   229                           
   230                           ;main.c: 25: adc_config();
   231  0001AC  EC01  F001         	call	_adc_config	;wreg free
   232  0001B0                     l1241:
   233                           
   234                           ;main.c: 28: {;main.c: 29: read_Uout();
   235  0001B0  ECC2  F000         	call	_read_Uout	;wreg free
   236                           
   237                           ;main.c: 30: _delay((unsigned long)((10)*(64000000/4000.0)));
   238  0001B4  0ED0               	movlw	208
   239  0001B6  6E1F               	movwf	??_main& (0+255),c
   240  0001B8  0ECA               	movlw	202
   241  0001BA                     u157:
   242  0001BA  2EE8               	decfsz	wreg,f,c
   243  0001BC  D7FE               	bra	u157
   244  0001BE  2E1F               	decfsz	??_main& (0+255),f,c
   245  0001C0  D7FC               	bra	u157
   246                           
   247                           ;main.c: 31: out_buffer[1]=out_buffer[1]+1;
   248  0001C2  2802               	incf	_out_buffer+1,w,c
   249  0001C4  6E02               	movwf	_out_buffer+1,c
   250  0001C6  D7F4               	goto	l1241
   251  0001C8                     __end_of_main:
   252                           	opt callstack 0
   253                           
   254 ;; *************** function _read_Uout *****************
   255 ;; Defined at:
   256 ;;		line 37 in file "main.c"
   257 ;; Parameters:    Size  Location     Type
   258 ;;		None
   259 ;; Auto vars:     Size  Location     Type
   260 ;;		None
   261 ;; Return value:  Size  Location     Type
   262 ;;                  1    wreg      void 
   263 ;; Registers used:
   264 ;;		wreg, status,2
   265 ;; Tracked objects:
   266 ;;		On entry : 0/0
   267 ;;		On exit  : 0/0
   268 ;;		Unchanged: 0/0
   269 ;; Data sizes:     COMRAM   BANK0   BANK1   BANK2   BANK3   BANK4   BANK5   BANK6   BANK7   BANK8   BANK9  BANK10  BANK1
      +1  BANK12  BANK13  BANK14  BANK15
   270 ;;      Params:         0       0       0       0       0       0       0       0       0       0       0       0       
      +0       0       0       0       0
   271 ;;      Locals:         0       0       0       0       0       0       0       0       0       0       0       0       
      +0       0       0       0       0
   272 ;;      Temps:          0       0       0       0       0       0       0       0       0       0       0       0       
      +0       0       0       0       0
   273 ;;      Totals:         0       0       0       0       0       0       0       0       0       0       0       0       
      +0       0       0       0       0
   274 ;;Total ram usage:        0 bytes
   275 ;; Hardware stack levels used:    1
   276 ;; Hardware stack levels required when called:    4
   277 ;; This function calls:
   278 ;;		Nothing
   279 ;; This function is called by:
   280 ;;		_main
   281 ;; This function uses a non-reentrant model
   282 ;;
   283                           
   284                           	psect	text1
   285  000184                     __ptext1:
   286                           	opt callstack 0
   287  000184                     _read_Uout:
   288                           	opt callstack 26
   289                           
   290                           ;main.c: 39: ADCON0=0b00000011;
   291                           
   292                           ;incstack = 0
   293  000184  0E03               	movlw	3
   294  000186  6EC2               	movwf	4034,c	;volatile
   295                           
   296                           ;main.c: 40: _delay((unsigned long)((100)*(64000000/4000000.0)));
   297  000188  0EE4               	movlw	228
   298  00018A                     u167:
   299  00018A  D000               	nop2	
   300  00018C  D000               	nop2	
   301  00018E  2EE8               	decfsz	wreg,f,c
   302  000190  D7FC               	bra	u167
   303  000192  D000               	nop2	
   304  000194  D000               	nop2	
   305                           
   306                           ;main.c: 41: ADCON0bits.GO=1;
   307  000196  82C2               	bsf	4034,1,c	;volatile
   308  000198                     l99:
   309  000198  B2C2               	btfsc	4034,1,c	;volatile
   310  00019A  D7FE               	goto	l99
   311                           
   312                           ;main.c: 43: rez_adc=ADRESH;
   313  00019C  CFC4 F013          	movff	4036,_rez_adc	;volatile
   314  0001A0  6A14               	clrf	_rez_adc+1,c
   315                           
   316                           ;main.c: 44: out_buffer[0]=rez_adc;
   317  0001A2  C013  F001         	movff	_rez_adc,_out_buffer
   318  0001A6  0012               	return		;funcret
   319  0001A8                     __end_of_read_Uout:
   320                           	opt callstack 0
   321                           
   322 ;; *************** function _config *****************
   323 ;; Defined at:
   324 ;;		line 15 in file "config.c"
   325 ;; Parameters:    Size  Location     Type
   326 ;;		None
   327 ;; Auto vars:     Size  Location     Type
   328 ;;		None
   329 ;; Return value:  Size  Location     Type
   330 ;;                  1    wreg      void 
   331 ;; Registers used:
   332 ;;		wreg, status,2, status,0, cstack
   333 ;; Tracked objects:
   334 ;;		On entry : 0/0
   335 ;;		On exit  : 0/0
   336 ;;		Unchanged: 0/0
   337 ;; Data sizes:     COMRAM   BANK0   BANK1   BANK2   BANK3   BANK4   BANK5   BANK6   BANK7   BANK8   BANK9  BANK10  BANK1
      +1  BANK12  BANK13  BANK14  BANK15
   338 ;;      Params:         0       0       0       0       0       0       0       0       0       0       0       0       
      +0       0       0       0       0
   339 ;;      Locals:         0       0       0       0       0       0       0       0       0       0       0       0       
      +0       0       0       0       0
   340 ;;      Temps:          0       0       0       0       0       0       0       0       0       0       0       0       
      +0       0       0       0       0
   341 ;;      Totals:         0       0       0       0       0       0       0       0       0       0       0       0       
      +0       0       0       0       0
   342 ;;Total ram usage:        0 bytes
   343 ;; Hardware stack levels used:    1
   344 ;; Hardware stack levels required when called:    5
   345 ;; This function calls:
   346 ;;		_init_data_out
   347 ;;		_init_timebase
   348 ;; This function is called by:
   349 ;;		_main
   350 ;; This function uses a non-reentrant model
   351 ;;
   352                           
   353                           	psect	text2
   354  000098                     __ptext2:
   355                           	opt callstack 0
   356  000098                     _config:
   357                           	opt callstack 25
   358                           
   359                           ;config.c: 18: OSCCONbits.IRCF0=1;
   360                           
   361                           ;incstack = 0
   362  000098  88D3               	bsf	4051,4,c	;volatile
   363                           
   364                           ;config.c: 19: OSCCONbits.IRCF1=1;
   365  00009A  8AD3               	bsf	4051,5,c	;volatile
   366                           
   367                           ;config.c: 20: OSCCONbits.IRCF2=1;
   368  00009C  8CD3               	bsf	4051,6,c	;volatile
   369                           
   370                           ;config.c: 21: OSCTUNEbits.PLLEN = 1;
   371  00009E  8C9B               	bsf	3995,6,c	;volatile
   372                           
   373                           ;config.c: 22: INTCONbits.GIE=0;
   374  0000A0  9EF2               	bcf	4082,7,c	;volatile
   375                           
   376                           ;config.c: 24: ANSELA=0X00;
   377  0000A2  0E00               	movlw	0
   378  0000A4  010F               	movlb	15	; () banked
   379  0000A6  6F38               	movwf	56,b	;volatile
   380                           
   381                           ;config.c: 25: ANSELB=0X00;
   382  0000A8  0E00               	movlw	0
   383  0000AA  6F39               	movwf	57,b	;volatile
   384                           
   385                           ;config.c: 26: ANSELC=0X00;
   386  0000AC  0E00               	movlw	0
   387  0000AE  6F3A               	movwf	58,b	;volatile
   388                           
   389                           ;config.c: 27: ANSELD=0X00;
   390  0000B0  0E00               	movlw	0
   391  0000B2  6F3B               	movwf	59,b	;volatile
   392                           
   393                           ;config.c: 28: ANSELE=0X00;
   394  0000B4  0E00               	movlw	0
   395  0000B6  6F3C               	movwf	60,b	;volatile
   396                           
   397                           ;config.c: 29: TRISA=0X00;
   398  0000B8  0E00               	movlw	0
   399  0000BA  6E92               	movwf	3986,c	;volatile
   400                           
   401                           ;config.c: 30: TRISB=0X00;
   402  0000BC  0E00               	movlw	0
   403  0000BE  6E93               	movwf	3987,c	;volatile
   404                           
   405                           ;config.c: 31: TRISC=0X00;
   406  0000C0  0E00               	movlw	0
   407  0000C2  6E94               	movwf	3988,c	;volatile
   408                           
   409                           ;config.c: 32: TRISD=0X00;
   410  0000C4  0E00               	movlw	0
   411  0000C6  6E95               	movwf	3989,c	;volatile
   412                           
   413                           ;config.c: 33: TRISE=0X00;
   414  0000C8  0E00               	movlw	0
   415  0000CA  6E96               	movwf	3990,c	;volatile
   416                           
   417                           ;config.c: 34: PORTA=0X00;
   418  0000CC  0E00               	movlw	0
   419  0000CE  6E80               	movwf	3968,c	;volatile
   420                           
   421                           ;config.c: 35: PORTB=0X00;
   422  0000D0  0E00               	movlw	0
   423  0000D2  6E81               	movwf	3969,c	;volatile
   424                           
   425                           ;config.c: 36: PORTC=0X00;
   426  0000D4  0E00               	movlw	0
   427  0000D6  6E82               	movwf	3970,c	;volatile
   428                           
   429                           ;config.c: 37: PORTD=0X00;
   430  0000D8  0E00               	movlw	0
   431  0000DA  6E83               	movwf	3971,c	;volatile
   432                           
   433                           ;config.c: 38: PORTE=0X00;
   434  0000DC  0E00               	movlw	0
   435  0000DE  6E84               	movwf	3972,c	;volatile
   436                           
   437                           ;config.c: 39: LATA=0X00;
   438  0000E0  0E00               	movlw	0
   439  0000E2  6E89               	movwf	3977,c	;volatile
   440                           
   441                           ;config.c: 40: LATB=0X00;
   442  0000E4  0E00               	movlw	0
   443  0000E6  6E8A               	movwf	3978,c	;volatile
   444                           
   445                           ;config.c: 41: LATC=0X00;
   446  0000E8  0E00               	movlw	0
   447  0000EA  6E8B               	movwf	3979,c	;volatile
   448                           
   449                           ;config.c: 42: LATD=0X00;
   450  0000EC  0E00               	movlw	0
   451  0000EE  6E8C               	movwf	3980,c	;volatile
   452                           
   453                           ;config.c: 43: LATE=0X00;
   454  0000F0  0E00               	movlw	0
   455  0000F2  6E8D               	movwf	3981,c	;volatile
   456                           
   457                           ; BSR set to: 15
   458                           ;config.c: 49: init_data_out(115200);
   459  0000F4  0EC2               	movlw	194
   460  0000F6  6E1C               	movwf	init_data_out@baud_rate+1,c
   461  0000F8  0E00               	movlw	0
   462  0000FA  6E1B               	movwf	init_data_out@baud_rate,c
   463  0000FC  EC13  F000         	call	_init_data_out	;wreg free
   464                           
   465                           ;config.c: 50: init_timebase();
   466  000100  EC83  F000         	call	_init_timebase	;wreg free
   467  000104  0012               	return		;funcret
   468  000106                     __end_of_config:
   469                           	opt callstack 0
   470                           
   471 ;; *************** function _init_timebase *****************
   472 ;; Defined at:
   473 ;;		line 53 in file "data_out.c"
   474 ;; Parameters:    Size  Location     Type
   475 ;;		None
   476 ;; Auto vars:     Size  Location     Type
   477 ;;		None
   478 ;; Return value:  Size  Location     Type
   479 ;;                  1    wreg      void 
   480 ;; Registers used:
   481 ;;		wreg, status,2
   482 ;; Tracked objects:
   483 ;;		On entry : 0/0
   484 ;;		On exit  : 0/0
   485 ;;		Unchanged: 0/0
   486 ;; Data sizes:     COMRAM   BANK0   BANK1   BANK2   BANK3   BANK4   BANK5   BANK6   BANK7   BANK8   BANK9  BANK10  BANK1
      +1  BANK12  BANK13  BANK14  BANK15
   487 ;;      Params:         0       0       0       0       0       0       0       0       0       0       0       0       
      +0       0       0       0       0
   488 ;;      Locals:         0       0       0       0       0       0       0       0       0       0       0       0       
      +0       0       0       0       0
   489 ;;      Temps:          0       0       0       0       0       0       0       0       0       0       0       0       
      +0       0       0       0       0
   490 ;;      Totals:         0       0       0       0       0       0       0       0       0       0       0       0       
      +0       0       0       0       0
   491 ;;Total ram usage:        0 bytes
   492 ;; Hardware stack levels used:    1
   493 ;; Hardware stack levels required when called:    4
   494 ;; This function calls:
   495 ;;		Nothing
   496 ;; This function is called by:
   497 ;;		_config
   498 ;; This function uses a non-reentrant model
   499 ;;
   500                           
   501                           	psect	text3
   502  000106                     __ptext3:
   503                           	opt callstack 0
   504  000106                     _init_timebase:
   505                           	opt callstack 25
   506                           
   507                           ;data_out.c: 55: TMR1L=0;
   508                           
   509                           ;incstack = 0
   510  000106  0E00               	movlw	0
   511  000108  6ECE               	movwf	4046,c	;volatile
   512                           
   513                           ;data_out.c: 56: TMR1H=61;
   514  00010A  0E3D               	movlw	61
   515  00010C  6ECF               	movwf	4047,c	;volatile
   516                           
   517                           ;data_out.c: 57: T1CONbits.RD16=0;
   518  00010E  92CD               	bcf	4045,1,c	;volatile
   519                           
   520                           ;data_out.c: 58: T1CONbits.T1CKPS1=1;
   521  000110  8ACD               	bsf	4045,5,c	;volatile
   522                           
   523                           ;data_out.c: 59: T1CONbits.T1CKPS0=1;
   524  000112  88CD               	bsf	4045,4,c	;volatile
   525                           
   526                           ;data_out.c: 60: T1CONbits.TMR1CS=0;
   527  000114  0E3F               	movlw	-193
   528  000116  16CD               	andwf	4045,f,c	;volatile
   529                           
   530                           ;data_out.c: 61: T1CONbits.T1OSCEN=0;
   531  000118  96CD               	bcf	4045,3,c	;volatile
   532                           
   533                           ;data_out.c: 62: T1CONbits.TMR1ON=0;
   534  00011A  90CD               	bcf	4045,0,c	;volatile
   535                           
   536                           ;data_out.c: 63: T1CONbits.TMR1ON=1;
   537  00011C  80CD               	bsf	4045,0,c	;volatile
   538                           
   539                           ;data_out.c: 67: INTCON=0x00;
   540  00011E  0E00               	movlw	0
   541  000120  6EF2               	movwf	4082,c	;volatile
   542                           
   543                           ;data_out.c: 68: INTCON2=0x00;
   544  000122  0E00               	movlw	0
   545  000124  6EF1               	movwf	4081,c	;volatile
   546                           
   547                           ;data_out.c: 69: INTCON3=0x00;
   548  000126  0E00               	movlw	0
   549  000128  6EF0               	movwf	4080,c	;volatile
   550                           
   551                           ;data_out.c: 70: PIR1=0x00;
   552  00012A  0E00               	movlw	0
   553  00012C  6E9E               	movwf	3998,c	;volatile
   554                           
   555                           ;data_out.c: 71: PIR2=0x00;
   556  00012E  0E00               	movlw	0
   557  000130  6EA1               	movwf	4001,c	;volatile
   558                           
   559                           ;data_out.c: 72: PIE1=0x00;
   560  000132  0E00               	movlw	0
   561  000134  6E9D               	movwf	3997,c	;volatile
   562                           
   563                           ;data_out.c: 73: PIE2=0x00;
   564  000136  0E00               	movlw	0
   565  000138  6EA0               	movwf	4000,c	;volatile
   566                           
   567                           ;data_out.c: 75: INTCONbits.GIE=1;
   568  00013A  8EF2               	bsf	4082,7,c	;volatile
   569                           
   570                           ;data_out.c: 76: INTCONbits.PEIE=1;
   571  00013C  8CF2               	bsf	4082,6,c	;volatile
   572                           
   573                           ;data_out.c: 77: PIE1bits.TMR1IE=1;
   574  00013E  809D               	bsf	3997,0,c	;volatile
   575                           
   576                           ;data_out.c: 78: PIR1bits.TMR1IF=0;
   577  000140  909E               	bcf	3998,0,c	;volatile
   578                           
   579                           ;data_out.c: 80: RCONbits.IPEN=0;
   580  000142  9ED0               	bcf	4048,7,c	;volatile
   581  000144  0012               	return		;funcret
   582  000146                     __end_of_init_timebase:
   583                           	opt callstack 0
   584                           
   585 ;; *************** function _init_data_out *****************
   586 ;; Defined at:
   587 ;;		line 85 in file "data_out.c"
   588 ;; Parameters:    Size  Location     Type
   589 ;;  baud_rate       2    5[COMRAM] int 
   590 ;; Auto vars:     Size  Location     Type
   591 ;;		None
   592 ;; Return value:  Size  Location     Type
   593 ;;                  1    wreg      void 
   594 ;; Registers used:
   595 ;;		wreg, status,2, status,0
   596 ;; Tracked objects:
   597 ;;		On entry : 0/0
   598 ;;		On exit  : 0/0
   599 ;;		Unchanged: 0/0
   600 ;; Data sizes:     COMRAM   BANK0   BANK1   BANK2   BANK3   BANK4   BANK5   BANK6   BANK7   BANK8   BANK9  BANK10  BANK1
      +1  BANK12  BANK13  BANK14  BANK15
   601 ;;      Params:         2       0       0       0       0       0       0       0       0       0       0       0       
      +0       0       0       0       0
   602 ;;      Locals:         0       0       0       0       0       0       0       0       0       0       0       0       
      +0       0       0       0       0
   603 ;;      Temps:          2       0       0       0       0       0       0       0       0       0       0       0       
      +0       0       0       0       0
   604 ;;      Totals:         4       0       0       0       0       0       0       0       0       0       0       0       
      +0       0       0       0       0
   605 ;;Total ram usage:        4 bytes
   606 ;; Hardware stack levels used:    1
   607 ;; Hardware stack levels required when called:    4
   608 ;; This function calls:
   609 ;;		Nothing
   610 ;; This function is called by:
   611 ;;		_config
   612 ;; This function uses a non-reentrant model
   613 ;;
   614                           
   615                           	psect	text4
   616  000026                     __ptext4:
   617                           	opt callstack 0
   618  000026                     _init_data_out:
   619                           	opt callstack 25
   620                           
   621                           ;data_out.c: 88: switch(baud_rate)
   622                           
   623                           ;incstack = 0
   624  000026  D009               	goto	l1145
   625  000028                     l1135:
   626                           
   627                           ;data_out.c: 91: SPBRG1=103;
   628  000028  0E67               	movlw	103
   629  00002A  D005               	goto	L3
   630  00002C                     l1137:
   631                           
   632                           ;data_out.c: 94: SPBRG1=207;
   633  00002C  0ECF               	movlw	207
   634  00002E  D003               	goto	L3
   635  000030                     l1139:
   636                           
   637                           ;data_out.c: 97: SPBRG1=68;
   638  000030  0E44               	movlw	68
   639  000032  D001               	goto	L3
   640  000034                     l1141:
   641                           
   642                           ;data_out.c: 100: SPBRG1=34;
   643  000034  0E22               	movlw	34
   644  000036                     L3:
   645  000036  6EAF               	movwf	4015,c	;volatile
   646                           
   647                           ;data_out.c: 101: break;
   648  000038  D025               	goto	l175
   649  00003A                     l1145:
   650  00003A  C01B  F01D         	movff	init_data_out@baud_rate,??_init_data_out
   651  00003E  C01C  F01E         	movff	init_data_out@baud_rate+1,??_init_data_out+1
   652                           
   653                           ; Switch on 2 bytes has been partitioned into a top level switch of size 1, and 4 sub-sw
      +                          itches
   654                           ; Switch size 1, requested type "simple"
   655                           ; Number of cases is 4, Range of values is 37 to 225
   656                           ; switch strategies available:
   657                           ; Name         Instructions Cycles
   658                           ; simple_byte           13     7 (average)
   659                           ;	Chosen strategy is simple_byte
   660  000042  501E               	movf	??_init_data_out+1,w,c
   661  000044  0A25               	xorlw	37	; case 37
   662  000046  B4D8               	btfsc	status,2,c
   663  000048  D00A               	goto	l1329
   664  00004A  0A6E               	xorlw	110	; case 75
   665  00004C  B4D8               	btfsc	status,2,c
   666  00004E  D00C               	goto	l1331
   667  000050  0A89               	xorlw	137	; case 194
   668  000052  B4D8               	btfsc	status,2,c
   669  000054  D00E               	goto	l1333
   670  000056  0A23               	xorlw	35	; case 225
   671  000058  B4D8               	btfsc	status,2,c
   672  00005A  D010               	goto	l1335
   673  00005C  D013               	goto	l175
   674  00005E                     l1329:
   675                           
   676                           ; Switch size 1, requested type "simple"
   677                           ; Number of cases is 1, Range of values is 128 to 128
   678                           ; switch strategies available:
   679                           ; Name         Instructions Cycles
   680                           ; simple_byte            4     3 (average)
   681                           ;	Chosen strategy is simple_byte
   682  00005E  501D               	movf	??_init_data_out,w,c
   683  000060  0A80               	xorlw	128	; case 128
   684  000062  B4D8               	btfsc	status,2,c
   685  000064  D7E1               	goto	l1135
   686  000066  D00E               	goto	l175
   687  000068                     l1331:
   688                           
   689                           ; Switch size 1, requested type "simple"
   690                           ; Number of cases is 1, Range of values is 0 to 0
   691                           ; switch strategies available:
   692                           ; Name         Instructions Cycles
   693                           ; simple_byte            4     3 (average)
   694                           ;	Chosen strategy is simple_byte
   695  000068  501D               	movf	??_init_data_out,w,c
   696  00006A  0A00               	xorlw	0	; case 0
   697  00006C  B4D8               	btfsc	status,2,c
   698  00006E  D7DE               	goto	l1137
   699  000070  D009               	goto	l175
   700  000072                     l1333:
   701                           
   702                           ; Switch size 1, requested type "simple"
   703                           ; Number of cases is 1, Range of values is 0 to 0
   704                           ; switch strategies available:
   705                           ; Name         Instructions Cycles
   706                           ; simple_byte            4     3 (average)
   707                           ;	Chosen strategy is simple_byte
   708  000072  501D               	movf	??_init_data_out,w,c
   709  000074  0A00               	xorlw	0	; case 0
   710  000076  B4D8               	btfsc	status,2,c
   711  000078  D7DD               	goto	l1141
   712  00007A  D004               	goto	l175
   713  00007C                     l1335:
   714                           
   715                           ; Switch size 1, requested type "simple"
   716                           ; Number of cases is 1, Range of values is 0 to 0
   717                           ; switch strategies available:
   718                           ; Name         Instructions Cycles
   719                           ; simple_byte            4     3 (average)
   720                           ;	Chosen strategy is simple_byte
   721  00007C  501D               	movf	??_init_data_out,w,c
   722  00007E  0A00               	xorlw	0	; case 0
   723  000080  B4D8               	btfsc	status,2,c
   724  000082  D7D6               	goto	l1139
   725  000084                     l175:
   726                           
   727                           ;data_out.c: 104: TXSTA1bits.TX9=0;
   728  000084  9CAC               	bcf	4012,6,c	;volatile
   729                           
   730                           ;data_out.c: 105: TXSTA1bits.TXEN=1;
   731  000086  8AAC               	bsf	4012,5,c	;volatile
   732                           
   733                           ;data_out.c: 106: TXSTA1bits.SYNC=0;
   734  000088  98AC               	bcf	4012,4,c	;volatile
   735                           
   736                           ;data_out.c: 107: TXSTA1bits.BRGH=1;
   737  00008A  84AC               	bsf	4012,2,c	;volatile
   738                           
   739                           ;data_out.c: 110: RCSTA1bits.SPEN=1;
   740  00008C  8EAB               	bsf	4011,7,c	;volatile
   741                           
   742                           ;data_out.c: 111: RCSTA1bits.RX9=0;
   743  00008E  9CAB               	bcf	4011,6,c	;volatile
   744                           
   745                           ;data_out.c: 112: RCSTA1bits.CREN=1;
   746  000090  88AB               	bsf	4011,4,c	;volatile
   747                           
   748                           ;data_out.c: 113: RCSTA1bits.ADDEN=0;
   749  000092  96AB               	bcf	4011,3,c	;volatile
   750                           
   751                           ;data_out.c: 117: PIE1bits.RC1IE=0;
   752  000094  9A9D               	bcf	3997,5,c	;volatile
   753  000096  0012               	return		;funcret
   754  000098                     __end_of_init_data_out:
   755                           	opt callstack 0
   756                           
   757 ;; *************** function _adc_config *****************
   758 ;; Defined at:
   759 ;;		line 54 in file "config.c"
   760 ;; Parameters:    Size  Location     Type
   761 ;;		None
   762 ;; Auto vars:     Size  Location     Type
   763 ;;		None
   764 ;; Return value:  Size  Location     Type
   765 ;;                  1    wreg      void 
   766 ;; Registers used:
   767 ;;		wreg, status,2
   768 ;; Tracked objects:
   769 ;;		On entry : 0/0
   770 ;;		On exit  : 0/0
   771 ;;		Unchanged: 0/0
   772 ;; Data sizes:     COMRAM   BANK0   BANK1   BANK2   BANK3   BANK4   BANK5   BANK6   BANK7   BANK8   BANK9  BANK10  BANK1
      +1  BANK12  BANK13  BANK14  BANK15
   773 ;;      Params:         0       0       0       0       0       0       0       0       0       0       0       0       
      +0       0       0       0       0
   774 ;;      Locals:         0       0       0       0       0       0       0       0       0       0       0       0       
      +0       0       0       0       0
   775 ;;      Temps:          0       0       0       0       0       0       0       0       0       0       0       0       
      +0       0       0       0       0
   776 ;;      Totals:         0       0       0       0       0       0       0       0       0       0       0       0       
      +0       0       0       0       0
   777 ;;Total ram usage:        0 bytes
   778 ;; Hardware stack levels used:    1
   779 ;; Hardware stack levels required when called:    4
   780 ;; This function calls:
   781 ;;		Nothing
   782 ;; This function is called by:
   783 ;;		_main
   784 ;; This function uses a non-reentrant model
   785 ;;
   786                           
   787                           	psect	text5
   788  000202                     __ptext5:
   789                           	opt callstack 0
   790  000202                     _adc_config:
   791                           	opt callstack 26
   792                           
   793                           ;config.c: 57: TRISAbits.RA0=1;
   794                           
   795                           ;incstack = 0
   796  000202  8092               	bsf	3986,0,c	;volatile
   797                           
   798                           ;config.c: 58: ANSELAbits.ANSA0=1;
   799  000204  010F               	movlb	15	; () banked
   800  000206  8138               	bsf	56,0,b	;volatile
   801                           
   802                           ; BSR set to: 15
   803                           ;config.c: 59: ADCON1=0b10000000;
   804  000208  0E80               	movlw	128
   805  00020A  6EC1               	movwf	4033,c	;volatile
   806                           
   807                           ;config.c: 60: ADCON2=0b00111110;
   808  00020C  0E3E               	movlw	62
   809  00020E  6EC0               	movwf	4032,c	;volatile
   810                           
   811                           ; BSR set to: 15
   812                           ;config.c: 61: ADCON2bits.ADFM=0;
   813  000210  9EC0               	bcf	4032,7,c	;volatile
   814                           
   815                           ; BSR set to: 15
   816  000212  0012               	return		;funcret
   817  000214                     __end_of_adc_config:
   818                           	opt callstack 0
   819                           
   820 ;; *************** function _timer *****************
   821 ;; Defined at:
   822 ;;		line 47 in file "main.c"
   823 ;; Parameters:    Size  Location     Type
   824 ;;		None
   825 ;; Auto vars:     Size  Location     Type
   826 ;;		None
   827 ;; Return value:  Size  Location     Type
   828 ;;                  1    wreg      void 
   829 ;; Registers used:
   830 ;;		wreg, fsr2l, fsr2h, status,2, status,0, cstack
   831 ;; Tracked objects:
   832 ;;		On entry : 0/0
   833 ;;		On exit  : 0/0
   834 ;;		Unchanged: 0/0
   835 ;; Data sizes:     COMRAM   BANK0   BANK1   BANK2   BANK3   BANK4   BANK5   BANK6   BANK7   BANK8   BANK9  BANK10  BANK1
      +1  BANK12  BANK13  BANK14  BANK15
   836 ;;      Params:         0       0       0       0       0       0       0       0       0       0       0       0       
      +0       0       0       0       0
   837 ;;      Locals:         0       0       0       0       0       0       0       0       0       0       0       0       
      +0       0       0       0       0
   838 ;;      Temps:          2       0       0       0       0       0       0       0       0       0       0       0       
      +0       0       0       0       0
   839 ;;      Totals:         2       0       0       0       0       0       0       0       0       0       0       0       
      +0       0       0       0       0
   840 ;;Total ram usage:        2 bytes
   841 ;; Hardware stack levels used:    1
   842 ;; Hardware stack levels required when called:    3
   843 ;; This function calls:
   844 ;;		_timebase_interrupt
   845 ;; This function is called by:
   846 ;;		Interrupt level 2
   847 ;; This function uses a non-reentrant model
   848 ;;
   849                           
   850                           	psect	intcode
   851  000008                     __pintcode:
   852                           	opt callstack 0
   853  000008                     _timer:
   854                           	opt callstack 25
   855                           
   856                           ; BSR set to: 15
   857                           ;incstack = 0
   858  000008  8220               	bsf	btemp,1,c	;set compiler interrupt flag (level 2)
   859  00000A  CFD9 F019          	movff	fsr2l,??_timer
   860  00000E  CFDA F01A          	movff	fsr2h,??_timer+1
   861                           
   862                           ;main.c: 48: timebase_interrupt();
   863  000012  ECA3  F000         	call	_timebase_interrupt	;wreg free
   864  000016  C01A  FFDA         	movff	??_timer+1,fsr2h
   865  00001A  C019  FFD9         	movff	??_timer,fsr2l
   866  00001E  9220               	bcf	btemp,1,c	;clear compiler interrupt flag (level 2)
   867  000020  0011               	retfie		f
   868  000022                     __end_of_timer:
   869                           	opt callstack 0
   870                           
   871 ;; *************** function _timebase_interrupt *****************
   872 ;; Defined at:
   873 ;;		line 31 in file "data_out.c"
   874 ;; Parameters:    Size  Location     Type
   875 ;;		None
   876 ;; Auto vars:     Size  Location     Type
   877 ;;		None
   878 ;; Return value:  Size  Location     Type
   879 ;;                  1    wreg      void 
   880 ;; Registers used:
   881 ;;		wreg, fsr2l, fsr2h, status,2, status,0, cstack
   882 ;; Tracked objects:
   883 ;;		On entry : 0/0
   884 ;;		On exit  : 0/0
   885 ;;		Unchanged: 0/0
   886 ;; Data sizes:     COMRAM   BANK0   BANK1   BANK2   BANK3   BANK4   BANK5   BANK6   BANK7   BANK8   BANK9  BANK10  BANK1
      +1  BANK12  BANK13  BANK14  BANK15
   887 ;;      Params:         0       0       0       0       0       0       0       0       0       0       0       0       
      +0       0       0       0       0
   888 ;;      Locals:         0       0       0       0       0       0       0       0       0       0       0       0       
      +0       0       0       0       0
   889 ;;      Temps:          1       0       0       0       0       0       0       0       0       0       0       0       
      +0       0       0       0       0
   890 ;;      Totals:         1       0       0       0       0       0       0       0       0       0       0       0       
      +0       0       0       0       0
   891 ;;Total ram usage:        1 bytes
   892 ;; Hardware stack levels used:    1
   893 ;; Hardware stack levels required when called:    2
   894 ;; This function calls:
   895 ;;		_send_data
   896 ;; This function is called by:
   897 ;;		_timer
   898 ;; This function uses a non-reentrant model
   899 ;;
   900                           
   901                           	psect	text7
   902  000146                     __ptext7:
   903                           	opt callstack 0
   904  000146                     _timebase_interrupt:
   905                           	opt callstack 25
   906                           
   907                           ;data_out.c: 32: if(PIR1bits.TMR1IF==1)
   908                           
   909                           ;incstack = 0
   910  000146  A09E               	btfss	3998,0,c	;volatile
   911  000148  0012               	return	
   912                           
   913                           ;data_out.c: 33: {;data_out.c: 34: PIR1bits.TMR1IF=0;
   914  00014A  909E               	bcf	3998,0,c	;volatile
   915                           
   916                           ;data_out.c: 35: T1CONbits.TMR1ON=0;
   917  00014C  90CD               	bcf	4045,0,c	;volatile
   918                           
   919                           ;data_out.c: 36: TMR1L=0;
   920  00014E  0E00               	movlw	0
   921  000150  6ECE               	movwf	4046,c	;volatile
   922                           
   923                           ;data_out.c: 37: TMR1H=61;
   924  000152  0E3D               	movlw	61
   925  000154  6ECF               	movwf	4047,c	;volatile
   926                           
   927                           ;data_out.c: 39: if(int_counter==4)
   928  000156  0E04               	movlw	4
   929  000158  1815               	xorwf	_int_counter,w,c
   930  00015A  A4D8               	btfss	status,2,c
   931  00015C  D010               	goto	i2l1233
   932                           
   933                           ;data_out.c: 40: {;data_out.c: 41: LATDbits.LATD1=!LATDbits.LATD1;
   934  00015E  B28C               	btfsc	3980,1,c	;volatile
   935  000160  D003               	goto	i2u13_40
   936  000162  6A18               	clrf	??_timebase_interrupt& (0+255),c
   937  000164  2A18               	incf	??_timebase_interrupt& (0+255),f,c
   938  000166  D001               	goto	i2u14_48
   939  000168                     i2u13_40:
   940  000168  6A18               	clrf	??_timebase_interrupt& (0+255),c
   941  00016A                     i2u14_48:
   942  00016A  4618               	rlncf	??_timebase_interrupt,f,c
   943  00016C  508C               	movf	3980,w,c	;volatile
   944  00016E  1818               	xorwf	??_timebase_interrupt,w,c
   945  000170  0BFD               	andlw	-3
   946  000172  1818               	xorwf	??_timebase_interrupt,w,c
   947  000174  6E8C               	movwf	3980,c	;volatile
   948                           
   949                           ;data_out.c: 42: send_data();
   950  000176  ECE4  F000         	call	_send_data	;wreg free
   951                           
   952                           ;data_out.c: 43: int_counter=0;
   953  00017A  0E00               	movlw	0
   954  00017C  6E15               	movwf	_int_counter,c
   955  00017E                     i2l1233:
   956                           
   957                           ;data_out.c: 44: };data_out.c: 46: int_counter++;
   958  00017E  2A15               	incf	_int_counter,f,c
   959                           
   960                           ;data_out.c: 47: T1CONbits.TMR1ON=1;
   961  000180  80CD               	bsf	4045,0,c	;volatile
   962  000182  0012               	return		;funcret
   963  000184                     __end_of_timebase_interrupt:
   964                           	opt callstack 0
   965                           
   966 ;; *************** function _send_data *****************
   967 ;; Defined at:
   968 ;;		line 16 in file "data_out.c"
   969 ;; Parameters:    Size  Location     Type
   970 ;;		None
   971 ;; Auto vars:     Size  Location     Type
   972 ;;  i               1    1[COMRAM] unsigned char 
   973 ;; Return value:  Size  Location     Type
   974 ;;                  1    wreg      void 
   975 ;; Registers used:
   976 ;;		wreg, fsr2l, fsr2h, status,2, status,0, cstack
   977 ;; Tracked objects:
   978 ;;		On entry : 0/0
   979 ;;		On exit  : 0/0
   980 ;;		Unchanged: 0/0
   981 ;; Data sizes:     COMRAM   BANK0   BANK1   BANK2   BANK3   BANK4   BANK5   BANK6   BANK7   BANK8   BANK9  BANK10  BANK1
      +1  BANK12  BANK13  BANK14  BANK15
   982 ;;      Params:         0       0       0       0       0       0       0       0       0       0       0       0       
      +0       0       0       0       0
   983 ;;      Locals:         1       0       0       0       0       0       0       0       0       0       0       0       
      +0       0       0       0       0
   984 ;;      Temps:          0       0       0       0       0       0       0       0       0       0       0       0       
      +0       0       0       0       0
   985 ;;      Totals:         1       0       0       0       0       0       0       0       0       0       0       0       
      +0       0       0       0       0
   986 ;;Total ram usage:        1 bytes
   987 ;; Hardware stack levels used:    1
   988 ;; Hardware stack levels required when called:    1
   989 ;; This function calls:
   990 ;;		_write_raw
   991 ;; This function is called by:
   992 ;;		_timebase_interrupt
   993 ;; This function uses a non-reentrant model
   994 ;;
   995                           
   996                           	psect	text8
   997  0001C8                     __ptext8:
   998                           	opt callstack 0
   999  0001C8                     _send_data:
  1000                           	opt callstack 25
  1001                           
  1002                           ;data_out.c: 17: for(char i=0;i<10;i++)
  1003                           
  1004                           ;incstack = 0
  1005  0001C8  0E00               	movlw	0
  1006  0001CA  6E17               	movwf	send_data@i,c
  1007  0001CC                     i2l1193:
  1008                           
  1009                           ;data_out.c: 18: {;data_out.c: 19: write_raw(out_buffer[i]);
  1010  0001CC  0E01               	movlw	low _out_buffer
  1011  0001CE  2417               	addwf	send_data@i,w,c
  1012  0001D0  6ED9               	movwf	fsr2l,c
  1013  0001D2  6ADA               	clrf	fsr2h,c
  1014  0001D4  0E00               	movlw	high _out_buffer
  1015  0001D6  22DA               	addwfc	fsr2h,f,c
  1016  0001D8  50DF               	movf	indf2,w,c
  1017  0001DA  EC0A  F001         	call	_write_raw
  1018  0001DE  2A17               	incf	send_data@i,f,c
  1019  0001E0  0E09               	movlw	9
  1020  0001E2  6417               	cpfsgt	send_data@i,c
  1021  0001E4  D7F3               	goto	i2l1193
  1022  0001E6  0012               	return	
  1023  0001E8                     __end_of_send_data:
  1024                           	opt callstack 0
  1025                           
  1026 ;; *************** function _write_raw *****************
  1027 ;; Defined at:
  1028 ;;		line 24 in file "data_out.c"
  1029 ;; Parameters:    Size  Location     Type
  1030 ;;  ch              1    wreg     unsigned char 
  1031 ;; Auto vars:     Size  Location     Type
  1032 ;;  ch              1    0[COMRAM] unsigned char 
  1033 ;; Return value:  Size  Location     Type
  1034 ;;                  1    wreg      void 
  1035 ;; Registers used:
  1036 ;;		wreg
  1037 ;; Tracked objects:
  1038 ;;		On entry : 0/0
  1039 ;;		On exit  : 0/0
  1040 ;;		Unchanged: 0/0
  1041 ;; Data sizes:     COMRAM   BANK0   BANK1   BANK2   BANK3   BANK4   BANK5   BANK6   BANK7   BANK8   BANK9  BANK10  BANK1
      +1  BANK12  BANK13  BANK14  BANK15
  1042 ;;      Params:         0       0       0       0       0       0       0       0       0       0       0       0       
      +0       0       0       0       0
  1043 ;;      Locals:         1       0       0       0       0       0       0       0       0       0       0       0       
      +0       0       0       0       0
  1044 ;;      Temps:          0       0       0       0       0       0       0       0       0       0       0       0       
      +0       0       0       0       0
  1045 ;;      Totals:         1       0       0       0       0       0       0       0       0       0       0       0       
      +0       0       0       0       0
  1046 ;;Total ram usage:        1 bytes
  1047 ;; Hardware stack levels used:    1
  1048 ;; This function calls:
  1049 ;;		Nothing
  1050 ;; This function is called by:
  1051 ;;		_send_data
  1052 ;; This function uses a non-reentrant model
  1053 ;;
  1054                           
  1055                           	psect	text9
  1056  000214                     __ptext9:
  1057                           	opt callstack 0
  1058  000214                     _write_raw:
  1059                           	opt callstack 25
  1060                           
  1061                           ;incstack = 0
  1062                           ;write_raw@ch stored from wreg
  1063  000214  6E16               	movwf	write_raw@ch,c
  1064  000216                     
  1065                           ;data_out.c: 26: while(!PIR1bits.TXIF);
  1066  000216  A89E               	btfss	3998,4,c	;volatile
  1067  000218  D7FE               	goto	i2l1129
  1068                           
  1069                           ;data_out.c: 27: TXREG=ch;
  1070  00021A  C016  FFAD         	movff	write_raw@ch,4013	;volatile
  1071  00021E  0012               	return		;funcret
  1072  000220                     __end_of_write_raw:
  1073                           	opt callstack 0
  1074  0000                     
  1075                           	psect	rparam
  1076  0000                     
  1077                           	psect	temp
  1078  000020                     btemp:
  1079                           	opt callstack 0
  1080  000020                     	ds	1
  1081  0000                     int$flags	set	btemp
  1082  0000                     wtemp8	set	btemp+1
  1083  0000                     ttemp5	set	btemp+1
  1084  0000                     ttemp6	set	btemp+4
  1085  0000                     ttemp7	set	btemp+8
  1086                           tosu	equ	0xFFF
  1087                           tosh	equ	0xFFE
  1088                           tosl	equ	0xFFD
  1089                           stkptr	equ	0xFFC
  1090                           pclatu	equ	0xFFB
  1091                           pclath	equ	0xFFA
  1092                           pcl	equ	0xFF9
  1093                           tblptru	equ	0xFF8
  1094                           tblptrh	equ	0xFF7
  1095                           tblptrl	equ	0xFF6
  1096                           tablat	equ	0xFF5
  1097                           prodh	equ	0xFF4
  1098                           prodl	equ	0xFF3
  1099                           indf0	equ	0xFEF
  1100                           postinc0	equ	0xFEE
  1101                           postdec0	equ	0xFED
  1102                           preinc0	equ	0xFEC
  1103                           plusw0	equ	0xFEB
  1104                           fsr0h	equ	0xFEA
  1105                           fsr0l	equ	0xFE9
  1106                           wreg	equ	0xFE8
  1107                           indf1	equ	0xFE7
  1108                           postinc1	equ	0xFE6
  1109                           postdec1	equ	0xFE5
  1110                           preinc1	equ	0xFE4
  1111                           plusw1	equ	0xFE3
  1112                           fsr1h	equ	0xFE2
  1113                           fsr1l	equ	0xFE1
  1114                           bsr	equ	0xFE0
  1115                           indf2	equ	0xFDF
  1116                           postinc2	equ	0xFDE
  1117                           postdec2	equ	0xFDD
  1118                           preinc2	equ	0xFDC
  1119                           plusw2	equ	0xFDB
  1120                           fsr2h	equ	0xFDA
  1121                           fsr2l	equ	0xFD9
  1122                           status	equ	0xFD8


Data Sizes:
    Strings     0
    Constant    0
    Data        0
    BSS         21
    Persistent  0
    Stack       0

Auto Spaces:
    Space          Size  Autos    Used
    COMRAM           94     10      31
    BANK0           160      0       0
    BANK1           256      0       0
    BANK2           256      0       0
    BANK3           256      0       0
    BANK4           256      0       0
    BANK5           256      0       0
    BANK6           256      0       0
    BANK7           256      0       0
    BANK8           256      0       0
    BANK9           256      0       0
    BANK10          256      0       0
    BANK11          256      0       0
    BANK12          256      0       0
    BANK13          256      0       0
    BANK14          256      0       0
    BANK15           56      0       0

Pointer List with Targets:

    None.

Critical Paths under _main in COMRAM

    _config->_init_data_out

Critical Paths under _timer in COMRAM

    _timer->_timebase_interrupt
    _timebase_interrupt->_send_data
    _send_data->_write_raw

Critical Paths under _main in BANK0

    None.

Critical Paths under _timer in BANK0

    None.

Critical Paths under _main in BANK1

    None.

Critical Paths under _timer in BANK1

    None.

Critical Paths under _main in BANK2

    None.

Critical Paths under _timer in BANK2

    None.

Critical Paths under _main in BANK3

    None.

Critical Paths under _timer in BANK3

    None.

Critical Paths under _main in BANK4

    None.

Critical Paths under _timer in BANK4

    None.

Critical Paths under _main in BANK5

    None.

Critical Paths under _timer in BANK5

    None.

Critical Paths under _main in BANK6

    None.

Critical Paths under _timer in BANK6

    None.

Critical Paths under _main in BANK7

    None.

Critical Paths under _timer in BANK7

    None.

Critical Paths under _main in BANK8

    None.

Critical Paths under _timer in BANK8

    None.

Critical Paths under _main in BANK9

    None.

Critical Paths under _timer in BANK9

    None.

Critical Paths under _main in BANK10

    None.

Critical Paths under _timer in BANK10

    None.

Critical Paths under _main in BANK11

    None.

Critical Paths under _timer in BANK11

    None.

Critical Paths under _main in BANK12

    None.

Critical Paths under _timer in BANK12

    None.

Critical Paths under _main in BANK13

    None.

Critical Paths under _timer in BANK13

    None.

Critical Paths under _main in BANK14

    None.

Critical Paths under _timer in BANK14

    None.

Critical Paths under _main in BANK15

    None.

Critical Paths under _timer in BANK15

    None.

Call Graph Tables:

 ---------------------------------------------------------------------------------
 (Depth) Function   	        Calls       Base Space   Used Autos Params    Refs
 ---------------------------------------------------------------------------------
 (0) _main                                                 1     1      0      98
                                              9 COMRAM     1     1      0
                         _adc_config
                             _config
                          _read_Uout
 ---------------------------------------------------------------------------------
 (1) _read_Uout                                            0     0      0       0
 ---------------------------------------------------------------------------------
 (1) _config                                               0     0      0      98
                      _init_data_out
                      _init_timebase
 ---------------------------------------------------------------------------------
 (2) _init_timebase                                        0     0      0       0
 ---------------------------------------------------------------------------------
 (2) _init_data_out                                        4     2      2      98
                                              5 COMRAM     4     2      2
 ---------------------------------------------------------------------------------
 (1) _adc_config                                           0     0      0       0
 ---------------------------------------------------------------------------------
 Estimated maximum stack depth 2
 ---------------------------------------------------------------------------------
 (Depth) Function   	        Calls       Base Space   Used Autos Params    Refs
 ---------------------------------------------------------------------------------
 (3) _timer                                                2     2      0      90
                                              3 COMRAM     2     2      0
                 _timebase_interrupt
 ---------------------------------------------------------------------------------
 (4) _timebase_interrupt                                   1     1      0      90
                                              2 COMRAM     1     1      0
                          _send_data
 ---------------------------------------------------------------------------------
 (5) _send_data                                            1     1      0      90
                                              1 COMRAM     1     1      0
                          _write_raw
 ---------------------------------------------------------------------------------
 (6) _write_raw                                            1     1      0      22
                                              0 COMRAM     1     1      0
 ---------------------------------------------------------------------------------
 Estimated maximum stack depth 6
 ---------------------------------------------------------------------------------

 Call Graph Graphs:

 _main (ROOT)
   _adc_config
   _config
     _init_data_out
     _init_timebase
   _read_Uout

 _timer (ROOT)
   _timebase_interrupt
     _send_data
       _write_raw

 Address spaces:
Name               Size   Autos  Total    Cost      Usage
BIGRAM             F37      0       0      37        0.0%
EEDATA             400      0       0       0        0.0%
BITBANK14          100      0       0      33        0.0%
BANK14             100      0       0      34        0.0%
BITBANK13          100      0       0      31        0.0%
BANK13             100      0       0      32        0.0%
BITBANK12          100      0       0      29        0.0%
BANK12             100      0       0      30        0.0%
BITBANK11          100      0       0      27        0.0%
BANK11             100      0       0      28        0.0%
BITBANK10          100      0       0      25        0.0%
BANK10             100      0       0      26        0.0%
BITBANK9           100      0       0      23        0.0%
BANK9              100      0       0      24        0.0%
BITBANK8           100      0       0      21        0.0%
BANK8              100      0       0      22        0.0%
BITBANK7           100      0       0      19        0.0%
BANK7              100      0       0      20        0.0%
BITBANK6           100      0       0      17        0.0%
BANK6              100      0       0      18        0.0%
BITBANK5           100      0       0      15        0.0%
BANK5              100      0       0      16        0.0%
BITBANK4           100      0       0      13        0.0%
BANK4              100      0       0      14        0.0%
BITBANK3           100      0       0      10        0.0%
BANK3              100      0       0      11        0.0%
BITBANK2           100      0       0       8        0.0%
BANK2              100      0       0       9        0.0%
BITBANK1           100      0       0       6        0.0%
BANK1              100      0       0       7        0.0%
BITBANK0            A0      0       0       4        0.0%
BANK0               A0      0       0       5        0.0%
BITCOMRAM           5E      0       0       0        0.0%
COMRAM              5E      A      1F       1       33.0%
BITBANK15           38      0       0      35        0.0%
BANK15              38      0       0      36        0.0%
BITSFR_1             0      0       0     200        0.0%
SFR_1                0      0       0     200        0.0%
BITSFR               0      0       0     200        0.0%
SFR                  0      0       0     200        0.0%
STACK                0      0       0       2        0.0%
NULL                 0      0       0       0        0.0%
ABS                  0      0      1F      12        0.0%
DATA                 0      0      1F       3        0.0%
CODE                 0      0       0       0        0.0%


Microchip Technology PIC18 Macro Assembler V2.05 build -831301201 
Symbol Table                                                                                   Mon Apr 08 20:58:17 2019

                         l99 0198                 __CFG_CP0$OFF 000000                 __CFG_CP1$OFF 000000  
               __CFG_CP2$OFF 000000                 __CFG_CP3$OFF 000000                  __CFG_LVP$ON 000000  
                        l175 0084                 __CFG_CPB$OFF 000000                          u157 01BA  
                        u167 018A                 __CFG_CPD$OFF 000000                          wreg 000FE8  
                 _TXSTA1bits 000FAC   __end_of_timebase_interrupt 0184                         l1141 0034  
                       l1135 0028                         l1137 002C                         l1145 003A  
                       l1241 01B0                         l1331 0068                         l1139 0030  
                       l1333 0072                         l1335 007C                         l1329 005E  
                       _LATA 000F89                         _LATB 000F8A                         _LATC 000F8B  
                       _LATD 000F8C                         _LATE 000F8D                         _PIE1 000F9D  
                       _PIE2 000FA0                         _PIR1 000F9E                         _PIR2 000FA1  
                       _main 01A8                         fsr2h 000FDA                         indf2 000FDF  
                       fsr2l 000FD9                         btemp 0020                __CFG_BORV$190 000000  
                       start 0022                __CFG_IESO$OFF 000000                 ___param_bank 000000  
                      ?_main 0016                        _TMR1H 000FCF                        _TMR1L 000FCE  
                      _PORTA 000F80                        _PORTB 000F81                        _PORTC 000F82  
                      _PORTD 000F83                        _PORTE 000F84                        _TRISA 000F92  
                      _TRISB 000F93                        _TRISC 000F94                        _TRISD 000F95  
                      _TRISE 000F96                        _TXREG 000FAD                __CFG_WRT0$OFF 000000  
              __CFG_WRT1$OFF 000000                __CFG_WRT2$OFF 000000                __CFG_WRT3$OFF 000000  
             __CFG_EBTR0$OFF 000000               __CFG_FCMEN$OFF 000000               __CFG_EBTR1$OFF 000000  
             __CFG_EBTR2$OFF 000000               __CFG_EBTR3$OFF 000000                __CFG_WRTB$OFF 000000  
              __CFG_WRTC$OFF 000000                __CFG_WRTD$OFF 000000               __CFG_EBTRB$OFF 000000  
         __CFG_MCLRE$EXTMCLR 000000                        _timer 0008                        _str_i 000B  
             __CFG_BOREN$OFF 000000                        ttemp5 0021                        ttemp6 0024  
                      ttemp7 0028                        status 000FD8                        wtemp8 0021  
             __CFG_HFOFST$ON 000000              __initialization 01E8                 __end_of_main 01C8  
                     ??_main 001F                __activetblptr 000002                       _ADCON0 000FC2  
                     _ADCON1 000FC1                       _ADCON2 000FC0                       _ADRESH 000FC4  
                     ?_timer 0016                       _ANSELA 000F38                       _ANSELB 000F39  
                     _ANSELC 000F3A                       _ANSELD 000F3B                       _ANSELE 000F3C  
                     i2l1129 0216                       i2l1233 017E                       i2l1193 01CC  
             __CFG_WDTEN$OFF 000000                       _INTCON 000FF2                       _SPBRG1 000FAF  
     __size_of_init_data_out 0072               __CFG_XINST$OFF 000000                       _config 0098  
                     clear_0 01EE       __size_of_init_timebase 0040                       tblptru 000FF8  
                 __accesstop 0060      __end_of__initialization 01F4              __CFG_PBADEN$OFF 000000  
              ___rparam_used 000001               __pcstackCOMRAM 0016                   _adc_config 0202  
              __end_of_timer 0022                _init_data_out 0026                      ??_timer 0019  
            __CFG_PLLCFG$OFF 000000       init_data_out@baud_rate 001B           __size_of_read_Uout 0024  
              _init_timebase 0106           _timebase_interrupt 0146           __CFG_CCP2MX$PORTC1 000000  
         __CFG_CCP3MX$PORTB5 000000                      ?_config 0016           __size_of_send_data 0020  
        ?_timebase_interrupt 0016               ?_init_data_out 001B                      _INTCON2 000FF1  
                    _INTCON3 000FF0                      i2u13_40 0168                      i2u14_48 016A  
       ??_timebase_interrupt 0018               ?_init_timebase 0016           __size_of_write_raw 000C  
            __CFG_PWRTEN$OFF 000000                      __Hparam 0000                      __Lparam 0000  
                ?_adc_config 0016              __size_of_config 006E              __CFG_STVREN$OFF 000000  
                    __pcinit 01E8                      __ramtop 1000                      __ptext0 01A8  
                    __ptext1 0184                      __ptext2 0098                      __ptext3 0106  
                    __ptext4 0026                      __ptext5 0202                      __ptext7 0146  
                    __ptext8 01C8                      __ptext9 0214                    _T1CONbits 000FCD  
          __end_of_read_Uout 01A8                      _rez_adc 0013         end_of_initialization 01F4  
          __end_of_send_data 01E8                __Lmediumconst 0000                      postinc0 000FEE  
            ??_init_data_out 001D            __end_of_write_raw 0220                   _out_buffer 0001  
                  _TRISAbits 000F92          __size_of_adc_config 0012              ??_init_timebase 001B  
             __end_of_config 0106          start_initialization 01E8                     ??_config 001F  
                __pbssCOMRAM 0001                    __pintcode 0008                 ??_adc_config 001B  
           __CFG_PRICLKEN$ON 000000                   send_data@i 0017                    _read_Uout 0184  
             __size_of_timer 001A           __end_of_adc_config 0214  __size_of_timebase_interrupt 003E  
                   _LATDbits 000F8C                     _PIE1bits 000F9D                    _send_data 01C8  
                   _PIR1bits 000F9E                     _RCONbits 000FD0             __CFG_WDTPS$32768 000000  
                 _ADCON0bits 000FC2                   _ADCON2bits 000FC0                  write_raw@ch 0016  
                 ?_read_Uout 0016                    _write_raw 0214                   ?_send_data 0016  
                   __Hrparam 0000                     __Lrparam 0000            __CFG_P2BMX$PORTD2 000000  
      __end_of_init_data_out 0098                   _ANSELAbits 000F38                  _int_counter 0015  
                 ?_write_raw 0016                __size_of_main 0020        __end_of_init_timebase 0146  
                   int$flags 0020                  _OSCTUNEbits 000F9B                   _INTCONbits 000FF2  
                ??_read_Uout 001B                     intlevel2 0000                   _RCSTA1bits 000FAB  
                ??_send_data 0017                   _OSCCONbits 000FD3            __CFG_T3CMX$PORTC0 000000  
                ??_write_raw 0016            __CFG_FOSC$INTIO67 000000  
